Arguments: 
  /usr/local/bin/node /usr/local/Cellar/yarn/1.3.2/libexec/bin/yarn.js run

PATH: 
  /usr/local/bin:/usr/bin:/bin:/usr/sbin:/sbin:/usr/local/MacGPG2/bin:/usr/local/share/dotnet

Yarn version: 
  1.3.2

Node version: 
  9.5.0

Platform: 
  darwin x64

npm manifest: 
  {
    "name": "harmonizer",
    "version": "1.0.0",
    "main": "index.js",
    "license": "MIT"
    "scripts": {
      "run": "node ./src/index.js"
    }
  }

yarn manifest: 
  No manifest

Lockfile: 
  No lockfile

Trace: 
  SyntaxError: /Users/bjorn/projects/magikMaker/harmonizer/package.json: Unexpected string in JSON at position 91
      at JSON.parse (<anonymous>)
      at /usr/local/Cellar/yarn/1.3.2/libexec/lib/cli.js:770:59
      at Generator.next (<anonymous>)
      at step (/usr/local/Cellar/yarn/1.3.2/libexec/lib/cli.js:92:30)
      at /usr/local/Cellar/yarn/1.3.2/libexec/lib/cli.js:103:13
      at <anonymous>
